2019-4-28 09:27:03[DEBUG](Controller.java:128) 缺测次数：0
2019-4-28 09:27:03[DEBUG](Controller.java:131) 主班次数：{苏娟=13, 李艳玉=9, 郭凯=5, 张捷军=9, 龙凤翔=5, 李江=5, 蒋珍姣=12, 梁建平=15, 唐军波=9, 龚冬英=8}, 总上班次数：90
2019-4-28 09:27:03[DEBUG](Controller.java:133) 早测次数：{}
2019-4-28 09:27:03[DEBUG](Controller.java:135) 非人为迟测次数：{苏娟=1, 梁建平=1, 蒋珍姣=1}
2019-4-28 09:27:03[DEBUG](Controller.java:139) 探空高度
2019-4-28 09:27:03[DEBUG](Controller.java:141) 名字：苏娟, 平均高度：28997, 次数： 6
2019-4-28 09:27:03[DEBUG](Controller.java:141) 名字：李艳玉, 平均高度：31516, 次数： 7
2019-4-28 09:27:03[DEBUG](Controller.java:141) 名字：郭凯, 平均高度：31128, 次数： 4
2019-4-28 09:27:03[DEBUG](Controller.java:141) 名字：张捷军, 平均高度：31877, 次数： 8
2019-4-28 09:27:03[DEBUG](Controller.java:141) 名字：龙凤翔, 平均高度：30471, 次数： 5
2019-4-28 09:27:03[DEBUG](Controller.java:141) 名字：李江, 平均高度：28872, 次数： 6
2019-4-28 09:27:03[DEBUG](Controller.java:141) 名字：唐军波, 平均高度：32158, 次数： 6
2019-4-28 09:27:03[DEBUG](Controller.java:141) 名字：龚冬英, 平均高度：30617, 次数： 6
2019-4-28 09:27:03[DEBUG](Controller.java:141) 名字：梁建平, 平均高度：27536, 次数： 5
2019-4-28 09:27:03[DEBUG](Controller.java:141) 名字：蒋珍姣, 平均高度：29885, 次数： 7
2019-4-28 09:27:03[DEBUG](Controller.java:147) 测风高度 综合
2019-4-28 09:27:03[DEBUG](Controller.java:149) 名字：苏娟, 平均高度：27817, 次数： 6
2019-4-28 09:27:03[DEBUG](Controller.java:149) 名字：李艳玉, 平均高度：30418, 次数： 7
2019-4-28 09:27:03[DEBUG](Controller.java:149) 名字：郭凯, 平均高度：30138, 次数： 4
2019-4-28 09:27:03[DEBUG](Controller.java:149) 名字：张捷军, 平均高度：30758, 次数： 8
2019-4-28 09:27:03[DEBUG](Controller.java:149) 名字：龙凤翔, 平均高度：29248, 次数： 5
2019-4-28 09:27:03[DEBUG](Controller.java:149) 名字：李江, 平均高度：27792, 次数： 6
2019-4-28 09:27:03[DEBUG](Controller.java:149) 名字：唐军波, 平均高度：31017, 次数： 6
2019-4-28 09:27:03[DEBUG](Controller.java:149) 名字：龚冬英, 平均高度：29628, 次数： 6
2019-4-28 09:27:03[DEBUG](Controller.java:149) 名字：梁建平, 平均高度：26456, 次数： 5
2019-4-28 09:27:03[DEBUG](Controller.java:149) 名字：蒋珍姣, 平均高度：28754, 次数： 7
2019-4-28 09:27:03[DEBUG](Controller.java:156) 测风高度 单测
2019-4-28 09:27:03[DEBUG](Controller.java:158) 名字：李艳玉, 平均高度：21615, 次数： 3
2019-4-28 09:27:03[DEBUG](Controller.java:158) 名字：苏娟, 平均高度：20846, 次数： 2
2019-4-28 09:27:03[DEBUG](Controller.java:158) 名字：郭凯, 平均高度：22879, 次数： 2
2019-4-28 09:27:03[DEBUG](Controller.java:158) 名字：张捷军, 平均高度：20305, 次数： 4
2019-4-28 09:27:03[DEBUG](Controller.java:158) 名字：龙凤翔, 平均高度：21546, 次数： 3
2019-4-28 09:27:03[DEBUG](Controller.java:158) 名字：统计到站, 平均高度：13178, 次数： 2
2019-4-28 09:27:03[DEBUG](Controller.java:158) 名字：李江, 平均高度：22097, 次数： 3
2019-4-28 09:27:03[DEBUG](Controller.java:158) 名字：梁建平, 平均高度：22093, 次数： 3
2019-4-28 09:27:03[DEBUG](Controller.java:158) 名字：唐军波, 平均高度：20373, 次数： 3
2019-4-28 09:27:03[DEBUG](Controller.java:158) 名字：龚冬英, 平均高度：20836, 次数： 3
2019-4-28 09:27:03[DEBUG](Controller.java:158) 名字：蒋珍姣, 平均高度：20902, 次数： 2
2019-4-28 09:27:03[DEBUG](Controller.java:162) 重复次数：{李艳玉=1, 蒋珍姣=1}
2019-4-28 09:27:03[DEBUG](Controller.java:165) ===========站质量 统计========
2019-4-28 09:27:03[DEBUG](Controller.java:168) 主班次数：90
2019-4-28 09:27:03[DEBUG](Controller.java:171) 非人为缺测次数：0
2019-4-28 09:27:03[DEBUG](Controller.java:174) 早测次数：0
2019-4-28 09:27:03[DEBUG](Controller.java:177) 非人为迟测次数：3
2019-4-28 09:27:03[DEBUG](Controller.java:180) 探空高度平均高度：30306
2019-4-28 09:27:03[DEBUG](Controller.java:183) 探空高度次数：60
2019-4-28 09:27:03[DEBUG](Controller.java:186) 测风高度平均高度   综合：29203
2019-4-28 09:27:03[DEBUG](Controller.java:189) 测风高度次数  综合：60
2019-4-28 09:27:03[DEBUG](Controller.java:192) 测风高度平均高度  单测：20606
2019-4-28 09:27:03[DEBUG](Controller.java:195) 测风高度次数  单测：30
2019-4-28 09:27:03[DEBUG](Controller.java:198) 重复次数：2
2019-4-28 09:27:03[DEBUG](Controller.java:199) ===========站质量 统计========
2019-4-28 09:43:08[DEBUG](Controller.java:127) 缺测次数：0
2019-4-28 09:43:08[DEBUG](Controller.java:130) 主班次数：{苏娟=13, 李艳玉=9, 郭凯=5, 张捷军=9, 龙凤翔=5, 李江=5, 蒋珍姣=12, 梁建平=15, 唐军波=9, 龚冬英=8}, 总上班次数：90
2019-4-28 09:43:08[DEBUG](Controller.java:132) 早测次数：{}
2019-4-28 09:43:08[DEBUG](Controller.java:134) 非人为迟测次数：{苏娟=1, 梁建平=1, 蒋珍姣=1}
2019-4-28 09:43:08[DEBUG](Controller.java:138) 探空高度
2019-4-28 09:43:08[DEBUG](Controller.java:140) 名字：苏娟, 平均高度：28997, 次数： 6
2019-4-28 09:43:08[DEBUG](Controller.java:140) 名字：李艳玉, 平均高度：31516, 次数： 7
2019-4-28 09:43:08[DEBUG](Controller.java:140) 名字：郭凯, 平均高度：31128, 次数： 4
2019-4-28 09:43:08[DEBUG](Controller.java:140) 名字：张捷军, 平均高度：31877, 次数： 8
2019-4-28 09:43:08[DEBUG](Controller.java:140) 名字：龙凤翔, 平均高度：30471, 次数： 5
2019-4-28 09:43:08[DEBUG](Controller.java:140) 名字：李江, 平均高度：28872, 次数： 6
2019-4-28 09:43:08[DEBUG](Controller.java:140) 名字：唐军波, 平均高度：32158, 次数： 6
2019-4-28 09:43:08[DEBUG](Controller.java:140) 名字：龚冬英, 平均高度：30617, 次数： 6
2019-4-28 09:43:08[DEBUG](Controller.java:140) 名字：梁建平, 平均高度：27536, 次数： 5
2019-4-28 09:43:08[DEBUG](Controller.java:140) 名字：蒋珍姣, 平均高度：29885, 次数： 7
2019-4-28 09:43:08[DEBUG](Controller.java:146) 测风高度 综合
2019-4-28 09:43:08[DEBUG](Controller.java:148) 名字：苏娟, 平均高度：27817, 次数： 6
2019-4-28 09:43:08[DEBUG](Controller.java:148) 名字：李艳玉, 平均高度：30418, 次数： 7
2019-4-28 09:43:08[DEBUG](Controller.java:148) 名字：郭凯, 平均高度：30138, 次数： 4
2019-4-28 09:43:08[DEBUG](Controller.java:148) 名字：张捷军, 平均高度：30758, 次数： 8
2019-4-28 09:43:08[DEBUG](Controller.java:148) 名字：龙凤翔, 平均高度：29248, 次数： 5
2019-4-28 09:43:08[DEBUG](Controller.java:148) 名字：李江, 平均高度：27792, 次数： 6
2019-4-28 09:43:08[DEBUG](Controller.java:148) 名字：唐军波, 平均高度：31017, 次数： 6
2019-4-28 09:43:08[DEBUG](Controller.java:148) 名字：龚冬英, 平均高度：29628, 次数： 6
2019-4-28 09:43:08[DEBUG](Controller.java:148) 名字：梁建平, 平均高度：26456, 次数： 5
2019-4-28 09:43:08[DEBUG](Controller.java:148) 名字：蒋珍姣, 平均高度：28754, 次数： 7
2019-4-28 09:43:08[DEBUG](Controller.java:155) 测风高度 单测
2019-4-28 09:43:08[DEBUG](Controller.java:157) 名字：李艳玉, 平均高度：21615, 次数： 3
2019-4-28 09:43:08[DEBUG](Controller.java:157) 名字：苏娟, 平均高度：20846, 次数： 2
2019-4-28 09:43:08[DEBUG](Controller.java:157) 名字：郭凯, 平均高度：22879, 次数： 2
2019-4-28 09:43:08[DEBUG](Controller.java:157) 名字：张捷军, 平均高度：20305, 次数： 4
2019-4-28 09:43:08[DEBUG](Controller.java:157) 名字：龙凤翔, 平均高度：21546, 次数： 3
2019-4-28 09:43:08[DEBUG](Controller.java:157) 名字：统计到站, 平均高度：13178, 次数： 2
2019-4-28 09:43:08[DEBUG](Controller.java:157) 名字：李江, 平均高度：22097, 次数： 3
2019-4-28 09:43:08[DEBUG](Controller.java:157) 名字：梁建平, 平均高度：22093, 次数： 3
2019-4-28 09:43:08[DEBUG](Controller.java:157) 名字：唐军波, 平均高度：20373, 次数： 3
2019-4-28 09:43:08[DEBUG](Controller.java:157) 名字：龚冬英, 平均高度：20836, 次数： 3
2019-4-28 09:43:08[DEBUG](Controller.java:157) 名字：蒋珍姣, 平均高度：20902, 次数： 2
2019-4-28 09:43:08[DEBUG](Controller.java:161) 重复次数：{李艳玉=1, 蒋珍姣=1}
2019-4-28 09:43:08[DEBUG](Controller.java:164) ===========站质量 统计========
2019-4-28 09:43:08[DEBUG](Controller.java:167) 主班次数：90
2019-4-28 09:43:08[DEBUG](Controller.java:170) 非人为缺测次数：0
2019-4-28 09:43:08[DEBUG](Controller.java:173) 早测次数：0
2019-4-28 09:43:08[DEBUG](Controller.java:176) 非人为迟测次数：3
2019-4-28 09:43:08[DEBUG](Controller.java:179) 探空高度平均高度：30306
2019-4-28 09:43:08[DEBUG](Controller.java:182) 探空高度次数：60
2019-4-28 09:43:08[DEBUG](Controller.java:185) 测风高度平均高度   综合：29203
2019-4-28 09:43:08[DEBUG](Controller.java:188) 测风高度次数  综合：60
2019-4-28 09:43:08[DEBUG](Controller.java:191) 测风高度平均高度  单测：20606
2019-4-28 09:43:08[DEBUG](Controller.java:194) 测风高度次数  单测：30
2019-4-28 09:43:08[DEBUG](Controller.java:197) 重复次数：2
2019-4-28 09:43:08[DEBUG](Controller.java:198) ===========站质量 统计========
